# JRE version: Java(TM) SE Runtime Environment (8.0_381) (build 1.8.0_381-b09)
# Java VM: Java HotSpot(TM) 64-Bit Server VM (25.381-b09 mixed mode windows-amd64 compressed oops)
Heap:
 PSYoungGen      total 430592K, used 148416K [0x0000000776180000, 0x0000000792280000, 0x00000007c0000000)
  eden space 416256K, 32% used [0x0000000776180000,0x000000077e474c60,0x000000078f800000)
  from space 14336K, 99% used [0x0000000791480000,0x000000079227b718,0x0000000792280000)
  to   space 17920K, 0% used [0x000000078ff80000,0x000000078ff80000,0x0000000791100000)
 ParOldGen       total 86528K, used 22833K [0x00000006e2400000, 0x00000006e7880000, 0x0000000776180000)
  object space 86528K, 26% used [0x00000006e2400000,0x00000006e3a4c588,0x00000006e7880000)
 Metaspace       used 48388K, capacity 51606K, committed 51712K, reserved 1093632K
  class space    used 6789K, capacity 7404K, committed 7424K, reserved 1048576K
GC Heap History (10 events):
Event: 6.819 GC heap before
{Heap before GC invocations=6 (full 1):
 PSYoungGen      total 123904K, used 114688K [0x0000000776180000, 0x000000077e380000, 0x00000007c0000000)
  eden space 114688K, 100% used [0x0000000776180000,0x000000077d180000,0x000000077d180000)
  from space 9216K, 0% used [0x000000077da80000,0x000000077da80000,0x000000077e380000)
  to   space 9216K, 0% used [0x000000077d180000,0x000000077d180000,0x000000077da80000)
 ParOldGen       total 67584K, used 6258K [0x00000006e2400000, 0x00000006e6600000, 0x0000000776180000)
  object space 67584K, 9% used [0x00000006e2400000,0x00000006e2a1ca40,0x00000006e6600000)
 Metaspace       used 26333K, capacity 27460K, committed 27648K, reserved 1073152K
  class space    used 3575K, capacity 3822K, committed 3840K, reserved 1048576K
Event: 6.825 GC heap after
Heap after GC invocations=6 (full 1):
 PSYoungGen      total 123904K, used 9214K [0x0000000776180000, 0x0000000785500000, 0x00000007c0000000)
  eden space 114688K, 0% used [0x0000000776180000,0x0000000776180000,0x000000077d180000)
  from space 9216K, 99% used [0x000000077d180000,0x000000077da7fb50,0x000000077da80000)
  to   space 12288K, 0% used [0x0000000784900000,0x0000000784900000,0x0000000785500000)
 ParOldGen       total 67584K, used 7347K [0x00000006e2400000, 0x00000006e6600000, 0x0000000776180000)
  object space 67584K, 10% used [0x00000006e2400000,0x00000006e2b2cf70,0x00000006e6600000)
 Metaspace       used 26333K, capacity 27460K, committed 27648K, reserved 1073152K
  class space    used 3575K, capacity 3822K, committed 3840K, reserved 1048576K
}
Event: 7.452 GC heap before
{Heap before GC invocations=7 (full 1):
 PSYoungGen      total 123904K, used 123902K [0x0000000776180000, 0x0000000785500000, 0x00000007c0000000)
  eden space 114688K, 100% used [0x0000000776180000,0x000000077d180000,0x000000077d180000)
  from space 9216K, 99% used [0x000000077d180000,0x000000077da7fb50,0x000000077da80000)
  to   space 12288K, 0% used [0x0000000784900000,0x0000000784900000,0x0000000785500000)
 ParOldGen       total 67584K, used 7347K [0x00000006e2400000, 0x00000006e6600000, 0x0000000776180000)
  object space 67584K, 10% used [0x00000006e2400000,0x00000006e2b2cf70,0x00000006e6600000)
 Metaspace       used 29535K, capacity 30830K, committed 30976K, reserved 1075200K
  class space    used 4088K, capacity 4351K, committed 4352K, reserved 1048576K
Event: 7.464 GC heap after
Heap after GC invocations=7 (full 1):
 PSYoungGen      total 235520K, used 11740K [0x0000000776180000, 0x0000000785580000, 0x00000007c0000000)
  eden space 223232K, 0% used [0x0000000776180000,0x0000000776180000,0x0000000783b80000)
  from space 12288K, 95% used [0x0000000784900000,0x0000000785477108,0x0000000785500000)
  to   space 13312K, 0% used [0x0000000783b80000,0x0000000783b80000,0x0000000784880000)
 ParOldGen       total 67584K, used 7355K [0x00000006e2400000, 0x00000006e6600000, 0x0000000776180000)
  object space 67584K, 10% used [0x00000006e2400000,0x00000006e2b2ef70,0x00000006e6600000)
 Metaspace       used 29535K, capacity 30830K, committed 30976K, reserved 1075200K
  class space    used 4088K, capacity 4351K, committed 4352K, reserved 1048576K
}
Event: 8.117 GC heap before
{Heap before GC invocations=8 (full 1):
 PSYoungGen      total 235520K, used 90154K [0x0000000776180000, 0x0000000785580000, 0x00000007c0000000)
  eden space 223232K, 35% used [0x0000000776180000,0x000000077ae13ad8,0x0000000783b80000)
  from space 12288K, 95% used [0x0000000784900000,0x0000000785477108,0x0000000785500000)
  to   space 13312K, 0% used [0x0000000783b80000,0x0000000783b80000,0x0000000784880000)
 ParOldGen       total 67584K, used 7355K [0x00000006e2400000, 0x00000006e6600000, 0x0000000776180000)
  object space 67584K, 10% used [0x00000006e2400000,0x00000006e2b2ef70,0x00000006e6600000)
 Metaspace       used 33493K, capacity 35326K, committed 35416K, reserved 1079296K
  class space    used 4691K, capacity 5043K, committed 5120K, reserved 1048576K
Event: 8.126 GC heap after
Heap after GC invocations=8 (full 1):
 PSYoungGen      total 236544K, used 13036K [0x0000000776180000, 0x0000000792280000, 0x00000007c0000000)
  eden space 223232K, 0% used [0x0000000776180000,0x0000000776180000,0x0000000783b80000)
  from space 13312K, 97% used [0x0000000783b80000,0x000000078483b0c8,0x0000000784880000)
  to   space 14336K, 0% used [0x0000000791480000,0x0000000791480000,0x0000000792280000)
 ParOldGen       total 67584K, used 7363K [0x00000006e2400000, 0x00000006e6600000, 0x0000000776180000)
  object space 67584K, 10% used [0x00000006e2400000,0x00000006e2b30f70,0x00000006e6600000)
 Metaspace       used 33493K, capacity 35326K, committed 35416K, reserved 1079296K
  class space    used 4691K, capacity 5043K, committed 5120K, reserved 1048576K
}
Event: 8.126 GC heap before
{Heap before GC invocations=9 (full 2):
 PSYoungGen      total 236544K, used 13036K [0x0000000776180000, 0x0000000792280000, 0x00000007c0000000)
  eden space 223232K, 0% used [0x0000000776180000,0x0000000776180000,0x0000000783b80000)
  from space 13312K, 97% used [0x0000000783b80000,0x000000078483b0c8,0x0000000784880000)
  to   space 14336K, 0% used [0x0000000791480000,0x0000000791480000,0x0000000792280000)
 ParOldGen       total 67584K, used 7363K [0x00000006e2400000, 0x00000006e6600000, 0x0000000776180000)
  object space 67584K, 10% used [0x00000006e2400000,0x00000006e2b30f70,0x00000006e6600000)
 Metaspace       used 33493K, capacity 35326K, committed 35416K, reserved 1079296K
  class space    used 4691K, capacity 5043K, committed 5120K, reserved 1048576K
Event: 8.195 GC heap after
Heap after GC invocations=9 (full 2):
 PSYoungGen      total 236544K, used 0K [0x0000000776180000, 0x0000000792280000, 0x00000007c0000000)
  eden space 223232K, 0% used [0x0000000776180000,0x0000000776180000,0x0000000783b80000)
  from space 13312K, 0% used [0x0000000783b80000,0x0000000783b80000,0x0000000784880000)
  to   space 14336K, 0% used [0x0000000791480000,0x0000000791480000,0x0000000792280000)
 ParOldGen       total 86528K, used 18260K [0x00000006e2400000, 0x00000006e7880000, 0x0000000776180000)
  object space 86528K, 21% used [0x00000006e2400000,0x00000006e35d5150,0x00000006e7880000)
 Metaspace       used 33493K, capacity 35326K, committed 35416K, reserved 1079296K
  class space    used 4691K, capacity 5043K, committed 5120K, reserved 1048576K
}
Event: 11.001 GC heap before
{Heap before GC invocations=10 (full 2):
 PSYoungGen      total 236544K, used 223232K [0x0000000776180000, 0x0000000792280000, 0x00000007c0000000)
  eden space 223232K, 100% used [0x0000000776180000,0x0000000783b80000,0x0000000783b80000)
  from space 13312K, 0% used [0x0000000783b80000,0x0000000783b80000,0x0000000784880000)
  to   space 14336K, 0% used [0x0000000791480000,0x0000000791480000,0x0000000792280000)
 ParOldGen       total 86528K, used 18260K [0x00000006e2400000, 0x00000006e7880000, 0x0000000776180000)
  object space 86528K, 21% used [0x00000006e2400000,0x00000006e35d5150,0x00000006e7880000)
 Metaspace       used 45184K, capacity 47888K, committed 48000K, reserved 1091584K
  class space    used 6276K, capacity 6784K, committed 6784K, reserved 1048576K
Event: 11.021 GC heap after
Heap after GC invocations=10 (full 2):
 PSYoungGen      total 430592K, used 14317K [0x0000000776180000, 0x0000000792280000, 0x00000007c0000000)
  eden space 416256K, 0% used [0x0000000776180000,0x0000000776180000,0x000000078f800000)
  from space 14336K, 99% used [0x0000000791480000,0x000000079227b718,0x0000000792280000)
  to   space 17920K, 0% used [0x000000078ff80000,0x000000078ff80000,0x0000000791100000)
 ParOldGen       total 86528K, used 22833K [0x00000006e2400000, 0x00000006e7880000, 0x0000000776180000)
  object space 86528K, 26% used [0x00000006e2400000,0x00000006e3a4c588,0x00000006e7880000)
 Metaspace       used 45184K, capacity 47888K, committed 48000K, reserved 1091584K
  class space    used 6276K, capacity 6784K, committed 6784K, reserved 1048576K
}

